2024/10/25 05:17:46 log created
2024/10/25 05:17:51 Dave :   Has joined the server.
2024/10/25 05:18:40 Dave :  Hello anyone there!

2024/10/25 05:18:46 log created
2024/10/25 05:18:49 Keith :   Has joined the server.
2024/10/25 05:18:49 Keith :   Has joined the server.
2024/10/25 05:19:13 Dave :  Omg Keith you there! good to see you have you seen john?

2024/10/25 05:19:13 Dave :  Omg Keith you there! good to see you have you seen john?

2024/10/25 05:19:19 Keith :  no today no

2024/10/25 05:19:19 Keith :  no today no

2024/10/25 05:19:23 log created
2024/10/25 05:19:24 John :   Has joined the server.
2024/10/25 05:19:24 John :   Has joined the server.
2024/10/25 05:19:24 John :   Has joined the server.
2024/10/25 05:19:37 Keith :  Well when you talk about the sun :)

2024/10/25 05:19:37 Keith :  Well when you talk about the sun :)

2024/10/25 05:19:37 Keith :  Well when you talk about the sun :)

2024/10/25 05:19:46 John :  Missed me?

2024/10/25 05:19:46 John :  Missed me?

2024/10/25 05:19:46 John :  Missed me?

2024/10/25 05:20:03 Dave :  we did but moms calling dinner ready see you guys later!

2024/10/25 05:20:03 Dave :  we did but moms calling dinner ready see you guys later!

2024/10/25 05:20:03 Dave :  we did but moms calling dinner ready see you guys later!

2024/10/25 05:20:05 Dave :   Has left the server.
2024/10/25 05:20:05 Dave :   Has left the server.
2024/10/25 05:20:41 Keith :  i also have to eat dinner gaming at 20:00 keith? me and Dave is on

2024/10/25 05:20:41 Keith :  i also have to eat dinner gaming at 20:00 keith? me and Dave is on

2024/10/25 05:20:46 John :  sounds good

2024/10/25 05:20:46 John :  sounds good

2024/10/25 05:20:53 Keith :  alright see you

2024/10/25 05:20:53 Keith :  alright see you

2024/10/25 05:20:55 Keith :   Has left the server.
